<?xml version="1.0" encoding="UTF-8"?>
<testsuite name="com.drinounet._BooksAndMore.repository.BookzRepositoryTest" tests="2" skipped="0" failures="0" errors="0" timestamp="2025-02-12T10:55:06" hostname="AMAHH7G7TYH66" time="0.48">
  <properties/>
  <testcase name="findAllOtherBooks()" classname="com.drinounet._BooksAndMore.repository.BookzRepositoryTest" time="0.473"/>
  <testcase name="findAllByType100()" classname="com.drinounet._BooksAndMore.repository.BookzRepositoryTest" time="0.007"/>
  <system-out><![CDATA[11:55:04.573 [Test worker] INFO org.springframework.test.context.support.AnnotationConfigContextLoaderUtils -- Could not detect default configuration classes for test class [com.drinounet._BooksAndMore.repository.BookzRepositoryTest]: BookzRepositoryTest does not declare any static, non-private, non-final, nested classes annotated with @Configuration.
11:55:04.628 [Test worker] INFO org.springframework.boot.test.context.SpringBootTestContextBootstrapper -- Found @SpringBootConfiguration com.drinounet._BooksAndMore.BooksApplication for test class com.drinounet._BooksAndMore.repository.BookzRepositoryTest

  .   ____          _            __ _ _
 /\\ / ___'_ __ _ _(_)_ __  __ _ \ \ \ \
( ( )\___ | '_ | '_| | '_ \/ _` | \ \ \ \
 \\/  ___)| |_)| | | | | || (_| |  ) ) ) )
  '  |____| .__|_| |_|_| |_\__, | / / / /
 =========|_|==============|___/=/_/_/_/

 :: Spring Boot ::                (v3.4.0)

2025-02-12T11:55:04.770+01:00  INFO 33253 --- [100-Livres-Et-Plus] [    Test worker] c.d._.repository.BookzRepositoryTest     : Starting BookzRepositoryTest using Java 21.0.4 with PID 33253 (started by sandrine.brival in /Users/sandrine.brival/01 - Formation/JAVA/Les100livres/backend)
2025-02-12T11:55:04.770+01:00  INFO 33253 --- [100-Livres-Et-Plus] [    Test worker] c.d._.repository.BookzRepositoryTest     : No active profile set, falling back to 1 default profile: "default"
2025-02-12T11:55:05.033+01:00  INFO 33253 --- [100-Livres-Et-Plus] [    Test worker] .s.d.r.c.RepositoryConfigurationDelegate : Multiple Spring Data modules found, entering strict repository configuration mode
2025-02-12T11:55:05.034+01:00  INFO 33253 --- [100-Livres-Et-Plus] [    Test worker] .s.d.r.c.RepositoryConfigurationDelegate : Bootstrapping Spring Data JDBC repositories in DEFAULT mode.
2025-02-12T11:55:05.048+01:00  INFO 33253 --- [100-Livres-Et-Plus] [    Test worker] .RepositoryConfigurationExtensionSupport : Spring Data JDBC - Could not safely identify store assignment for repository candidate interface com.drinounet._BooksAndMore.repository.BooksRepository; If you want this repository to be a JDBC repository, consider annotating your entities with one of these annotations: org.springframework.data.relational.core.mapping.Table.
2025-02-12T11:55:05.049+01:00  INFO 33253 --- [100-Livres-Et-Plus] [    Test worker] .s.d.r.c.RepositoryConfigurationDelegate : Finished Spring Data repository scanning in 12 ms. Found 0 JDBC repository interfaces.
2025-02-12T11:55:05.053+01:00  INFO 33253 --- [100-Livres-Et-Plus] [    Test worker] .s.d.r.c.RepositoryConfigurationDelegate : Multiple Spring Data modules found, entering strict repository configuration mode
2025-02-12T11:55:05.054+01:00  INFO 33253 --- [100-Livres-Et-Plus] [    Test worker] .s.d.r.c.RepositoryConfigurationDelegate : Bootstrapping Spring Data JPA repositories in DEFAULT mode.
2025-02-12T11:55:05.070+01:00  INFO 33253 --- [100-Livres-Et-Plus] [    Test worker] .s.d.r.c.RepositoryConfigurationDelegate : Finished Spring Data repository scanning in 13 ms. Found 1 JPA repository interface.
2025-02-12T11:55:05.241+01:00  INFO 33253 --- [100-Livres-Et-Plus] [    Test worker] com.zaxxer.hikari.HikariDataSource       : HikariPool-1 - Starting...
2025-02-12T11:55:05.325+01:00  INFO 33253 --- [100-Livres-Et-Plus] [    Test worker] com.zaxxer.hikari.pool.HikariPool        : HikariPool-1 - Added connection org.postgresql.jdbc.PgConnection@74cd798f
2025-02-12T11:55:05.326+01:00  INFO 33253 --- [100-Livres-Et-Plus] [    Test worker] com.zaxxer.hikari.HikariDataSource       : HikariPool-1 - Start completed.
2025-02-12T11:55:05.432+01:00  INFO 33253 --- [100-Livres-Et-Plus] [    Test worker] o.hibernate.jpa.internal.util.LogHelper  : HHH000204: Processing PersistenceUnitInfo [name: default]
2025-02-12T11:55:05.451+01:00  INFO 33253 --- [100-Livres-Et-Plus] [    Test worker] org.hibernate.Version                    : HHH000412: Hibernate ORM core version 6.6.2.Final
2025-02-12T11:55:05.462+01:00  INFO 33253 --- [100-Livres-Et-Plus] [    Test worker] o.h.c.internal.RegionFactoryInitiator    : HHH000026: Second-level cache disabled
2025-02-12T11:55:05.552+01:00  INFO 33253 --- [100-Livres-Et-Plus] [    Test worker] o.s.o.j.p.SpringPersistenceUnitInfo      : No LoadTimeWeaver setup: ignoring JPA class transformer
2025-02-12T11:55:05.581+01:00  INFO 33253 --- [100-Livres-Et-Plus] [    Test worker] org.hibernate.orm.connections.pooling    : HHH10001005: Database info:
	Database JDBC URL [Connecting through datasource 'HikariDataSource (HikariPool-1)']
	Database driver: undefined/unknown
	Database version: 17.2
	Autocommit mode: undefined/unknown
	Isolation level: undefined/unknown
	Minimum pool size: undefined/unknown
	Maximum pool size: undefined/unknown
2025-02-12T11:55:05.874+01:00  INFO 33253 --- [100-Livres-Et-Plus] [    Test worker] o.h.e.t.j.p.i.JtaPlatformInitiator       : HHH000489: No JTA platform available (set 'hibernate.transaction.jta.platform' to enable JTA platform integration)
2025-02-12T11:55:05.889+01:00  INFO 33253 --- [100-Livres-Et-Plus] [    Test worker] j.LocalContainerEntityManagerFactoryBean : Initialized JPA EntityManagerFactory for persistence unit 'default'
2025-02-12T11:55:06.074+01:00  WARN 33253 --- [100-Livres-Et-Plus] [    Test worker] JpaBaseConfiguration$JpaWebConfiguration : spring.jpa.open-in-view is enabled by default. Therefore, database queries may be performed during view rendering. Explicitly configure spring.jpa.open-in-view to disable this warning
2025-02-12T11:55:06.083+01:00  INFO 33253 --- [100-Livres-Et-Plus] [    Test worker] o.s.b.a.w.s.WelcomePageHandlerMapping    : Adding welcome page: class path resource [templates/index.html]
2025-02-12T11:55:06.269+01:00  INFO 33253 --- [100-Livres-Et-Plus] [    Test worker] c.d._.repository.BookzRepositoryTest     : Started BookzRepositoryTest in 1.595 seconds (process running for 2.291)
Hibernate: select bd1_0.book_id,bd1_0.author,bd1_0.description,bd1_0.is_read,bd1_0.isbn,bd1_0.publication_date,bd1_0.title,bd1_0.type100 from tbooks bd1_0 where bd1_0.type100=? order by bd1_0.title fetch first ? rows only
Hibernate: select count(bd1_0.book_id) from tbooks bd1_0 where bd1_0.type100=?
Hibernate: select bd1_0.book_id,bd1_0.author,bd1_0.description,bd1_0.is_read,bd1_0.isbn,bd1_0.publication_date,bd1_0.title,bd1_0.type100 from tbooks bd1_0 where bd1_0.type100=? order by bd1_0.title fetch first ? rows only
Hibernate: select count(bd1_0.book_id) from tbooks bd1_0 where bd1_0.type100=?
]]></system-out>
  <system-err><![CDATA[Mockito is currently self-attaching to enable the inline-mock-maker. This will no longer work in future releases of the JDK. Please add Mockito as an agent to your build what is described in Mockito's documentation: https://javadoc.io/doc/org.mockito/mockito-core/latest/org/mockito/Mockito.html#0.3
WARNING: A Java agent has been loaded dynamically (/Users/sandrine.brival/.gradle/caches/modules-2/files-2.1/net.bytebuddy/byte-buddy-agent/1.15.10/e8eb255b2c378b9a6c7341e7b0e12f0a5636377/byte-buddy-agent-1.15.10.jar)
WARNING: If a serviceability tool is in use, please run with -XX:+EnableDynamicAgentLoading to hide this warning
WARNING: If a serviceability tool is not in use, please run with -Djdk.instrument.traceUsage for more information
WARNING: Dynamic loading of agents will be disallowed by default in a future release
]]></system-err>
</testsuite>
