<?xml version="1.0" encoding="UTF-8"?>
<testsuite name="com.drinounet._BooksAndMore.service.BooksServiceImplTest" tests="2" skipped="0" failures="0" errors="0" timestamp="2025-01-29T14:30:57" hostname="AMAHH7G7TYH66" time="0.07">
  <properties/>
  <testcase name="verify_creation_of_a_new_book()" classname="com.drinounet._BooksAndMore.service.BooksServiceImplTest" time="0.061"/>
  <testcase name="verify_integration_of_2_new_books_from_100()" classname="com.drinounet._BooksAndMore.service.BooksServiceImplTest" time="0.006"/>
  <system-out><![CDATA[15:30:54.914 [Test worker] INFO org.springframework.test.context.support.AnnotationConfigContextLoaderUtils -- Could not detect default configuration classes for test class [com.drinounet._BooksAndMore.service.BooksServiceImplTest]: BooksServiceImplTest does not declare any static, non-private, non-final, nested classes annotated with @Configuration.
15:30:54.969 [Test worker] INFO org.springframework.boot.test.context.SpringBootTestContextBootstrapper -- Found @SpringBootConfiguration com.drinounet._BooksAndMore.BooksApplication for test class com.drinounet._BooksAndMore.service.BooksServiceImplTest

  .   ____          _            __ _ _
 /\\ / ___'_ __ _ _(_)_ __  __ _ \ \ \ \
( ( )\___ | '_ | '_| | '_ \/ _` | \ \ \ \
 \\/  ___)| |_)| | | | | || (_| |  ) ) ) )
  '  |____| .__|_| |_|_| |_\__, | / / / /
 =========|_|==============|___/=/_/_/_/

 :: Spring Boot ::                (v3.4.0)

2025-01-29T15:30:55.118+01:00  INFO 77792 --- [100-Livres-Et-Plus] [    Test worker] c.d._.service.BooksServiceImplTest       : Starting BooksServiceImplTest using Java 21.0.4 with PID 77792 (started by sandrine.brival in /Users/sandrine.brival/01 - Formation/JAVA/Les100livres/backend)
2025-01-29T15:30:55.118+01:00  INFO 77792 --- [100-Livres-Et-Plus] [    Test worker] c.d._.service.BooksServiceImplTest       : No active profile set, falling back to 1 default profile: "default"
2025-01-29T15:30:55.361+01:00  INFO 77792 --- [100-Livres-Et-Plus] [    Test worker] .s.d.r.c.RepositoryConfigurationDelegate : Multiple Spring Data modules found, entering strict repository configuration mode
2025-01-29T15:30:55.362+01:00  INFO 77792 --- [100-Livres-Et-Plus] [    Test worker] .s.d.r.c.RepositoryConfigurationDelegate : Bootstrapping Spring Data JDBC repositories in DEFAULT mode.
2025-01-29T15:30:55.376+01:00  INFO 77792 --- [100-Livres-Et-Plus] [    Test worker] .RepositoryConfigurationExtensionSupport : Spring Data JDBC - Could not safely identify store assignment for repository candidate interface com.drinounet._BooksAndMore.repository.BooksRepository; If you want this repository to be a JDBC repository, consider annotating your entities with one of these annotations: org.springframework.data.relational.core.mapping.Table.
2025-01-29T15:30:55.376+01:00  INFO 77792 --- [100-Livres-Et-Plus] [    Test worker] .s.d.r.c.RepositoryConfigurationDelegate : Finished Spring Data repository scanning in 12 ms. Found 0 JDBC repository interfaces.
2025-01-29T15:30:55.381+01:00  INFO 77792 --- [100-Livres-Et-Plus] [    Test worker] .s.d.r.c.RepositoryConfigurationDelegate : Multiple Spring Data modules found, entering strict repository configuration mode
2025-01-29T15:30:55.382+01:00  INFO 77792 --- [100-Livres-Et-Plus] [    Test worker] .s.d.r.c.RepositoryConfigurationDelegate : Bootstrapping Spring Data JPA repositories in DEFAULT mode.
2025-01-29T15:30:55.395+01:00  INFO 77792 --- [100-Livres-Et-Plus] [    Test worker] .s.d.r.c.RepositoryConfigurationDelegate : Finished Spring Data repository scanning in 11 ms. Found 1 JPA repository interface.
2025-01-29T15:30:55.591+01:00  INFO 77792 --- [100-Livres-Et-Plus] [    Test worker] com.zaxxer.hikari.HikariDataSource       : HikariPool-1 - Starting...
2025-01-29T15:30:55.702+01:00  INFO 77792 --- [100-Livres-Et-Plus] [    Test worker] com.zaxxer.hikari.pool.HikariPool        : HikariPool-1 - Added connection org.postgresql.jdbc.PgConnection@48c5698
2025-01-29T15:30:55.703+01:00  INFO 77792 --- [100-Livres-Et-Plus] [    Test worker] com.zaxxer.hikari.HikariDataSource       : HikariPool-1 - Start completed.
2025-01-29T15:30:55.841+01:00  INFO 77792 --- [100-Livres-Et-Plus] [    Test worker] o.hibernate.jpa.internal.util.LogHelper  : HHH000204: Processing PersistenceUnitInfo [name: default]
2025-01-29T15:30:55.861+01:00  INFO 77792 --- [100-Livres-Et-Plus] [    Test worker] org.hibernate.Version                    : HHH000412: Hibernate ORM core version 6.6.2.Final
2025-01-29T15:30:55.874+01:00  INFO 77792 --- [100-Livres-Et-Plus] [    Test worker] o.h.c.internal.RegionFactoryInitiator    : HHH000026: Second-level cache disabled
2025-01-29T15:30:55.966+01:00  INFO 77792 --- [100-Livres-Et-Plus] [    Test worker] o.s.o.j.p.SpringPersistenceUnitInfo      : No LoadTimeWeaver setup: ignoring JPA class transformer
2025-01-29T15:30:56.002+01:00  INFO 77792 --- [100-Livres-Et-Plus] [    Test worker] org.hibernate.orm.connections.pooling    : HHH10001005: Database info:
	Database JDBC URL [Connecting through datasource 'HikariDataSource (HikariPool-1)']
	Database driver: undefined/unknown
	Database version: 17.2
	Autocommit mode: undefined/unknown
	Isolation level: undefined/unknown
	Minimum pool size: undefined/unknown
	Maximum pool size: undefined/unknown
2025-01-29T15:30:56.299+01:00  INFO 77792 --- [100-Livres-Et-Plus] [    Test worker] o.h.e.t.j.p.i.JtaPlatformInitiator       : HHH000489: No JTA platform available (set 'hibernate.transaction.jta.platform' to enable JTA platform integration)
2025-01-29T15:30:56.312+01:00  INFO 77792 --- [100-Livres-Et-Plus] [    Test worker] j.LocalContainerEntityManagerFactoryBean : Initialized JPA EntityManagerFactory for persistence unit 'default'
2025-01-29T15:30:56.492+01:00  WARN 77792 --- [100-Livres-Et-Plus] [    Test worker] JpaBaseConfiguration$JpaWebConfiguration : spring.jpa.open-in-view is enabled by default. Therefore, database queries may be performed during view rendering. Explicitly configure spring.jpa.open-in-view to disable this warning
2025-01-29T15:30:56.504+01:00  INFO 77792 --- [100-Livres-Et-Plus] [    Test worker] o.s.b.a.w.s.WelcomePageHandlerMapping    : Adding welcome page: class path resource [templates/index.html]
2025-01-29T15:30:56.678+01:00  INFO 77792 --- [100-Livres-Et-Plus] [    Test worker] c.d._.service.BooksServiceImplTest       : Started BooksServiceImplTest in 1.662 seconds (process running for 2.427)
]]></system-out>
  <system-err><![CDATA[Mockito is currently self-attaching to enable the inline-mock-maker. This will no longer work in future releases of the JDK. Please add Mockito as an agent to your build what is described in Mockito's documentation: https://javadoc.io/doc/org.mockito/mockito-core/latest/org/mockito/Mockito.html#0.3
WARNING: A Java agent has been loaded dynamically (/Users/sandrine.brival/.gradle/caches/modules-2/files-2.1/net.bytebuddy/byte-buddy-agent/1.15.10/e8eb255b2c378b9a6c7341e7b0e12f0a5636377/byte-buddy-agent-1.15.10.jar)
WARNING: If a serviceability tool is in use, please run with -XX:+EnableDynamicAgentLoading to hide this warning
WARNING: If a serviceability tool is not in use, please run with -Djdk.instrument.traceUsage for more information
WARNING: Dynamic loading of agents will be disallowed by default in a future release
]]></system-err>
</testsuite>
